[09:57:28] [trace] APPLICATION: Testing OAK_TRACE
[09:57:28] [info] APPLICATION: Testing OAK_INFO
[09:57:28] [warning] APPLICATION: Testing OAK_WARN
[09:57:28] [error] APPLICATION: Testing OAK_ERROR
[09:57:28] [critical] APPLICATION: Testing OAK_CRITICAL
[09:57:28] [warning] ENGINE: C:\sooriyakumaran\OneDrive\WI\2000-DEV\2001-DAQ\D4-SOFTWARE\venturi\venturi
[09:57:28] [info] ENGINE: Creating window Venturi (1600, 900)
[09:57:28] [info] ENGINE: OpenGL Info:
[09:57:28] [info] ENGINE:   Vendor: NVIDIA Corporation
[09:57:28] [info] ENGINE:   Renderer: NVIDIA GeForce GTX 970/PCIe/SSE2
[09:57:28] [info] ENGINE:   Version: 4.6.0 NVIDIA 512.15
[09:57:28] [warning] APPLICATION: Application::OnWindowMaximize(WindowMaximizeEvent& e): Event WindowMaximize Event
[09:57:28] [trace] APPLICATION: Creating Demo Panel named Demos with id 1
[09:57:28] [trace] APPLICATION: Creating AboutPanel Panel named About with id 5
[09:57:28] [trace] APPLICATION: Creating MainMenu Panel named ##MainMenu with id 6
[09:57:28] [trace] APPLICATION: Creating StatusBar Panel named ##StatusBar with id 7
[09:57:28] [trace] APPLICATION: Creating SideBar Panel named ##SideBar with id 8
[09:57:31] [info] APPLICATION: OPEN CONNECTION POPUP/PANEL
[09:57:31] [warning] APPLICATION: true
[09:57:32] [warning] APPLICATION: false
[09:57:33] [info] APPLICATION: Item clicked
